[2022-07-04 14:07:37.539 +03:00  INF]  User profile is available. Using 'C:\Users\kshah\AppData\Local\ASP.NET\DataProtection-Keys' as key repository and Windows DPAPI to encrypt keys at rest.
[2022-07-04 14:07:38.646 +03:00  INF]  Now listening on: https://localhost:7266
[2022-07-04 14:07:38.649 +03:00  INF]  Now listening on: http://localhost:5266
[2022-07-04 14:07:38.653 +03:00  INF]  Application started. Press Ctrl+C to shut down.
[2022-07-04 14:07:38.653 +03:00  INF]  Hosting environment: Development
[2022-07-04 14:07:38.653 +03:00  INF]  Content root path: C:\Users\kshah\OneDrive\Documents\GitHub\HRM\HRM.WebApi\
[2022-07-04 14:07:40.206 +03:00  INF]  Request starting HTTP/2 GET https://localhost:7266/swagger - -
[2022-07-04 14:07:40.514 +03:00  INF]  Request finished HTTP/2 GET https://localhost:7266/swagger - - - 301 0 - 309.4952ms
[2022-07-04 14:07:40.518 +03:00  INF]  Request starting HTTP/2 GET https://localhost:7266/swagger/index.html - -
[2022-07-04 14:07:41.059 +03:00  INF]  Request starting HTTP/2 GET https://localhost:7266/swagger/swagger-ui-bundle.js - -
[2022-07-04 14:07:41.060 +03:00  INF]  Request starting HTTP/2 GET https://localhost:7266/swagger/swagger-ui-standalone-preset.js - -
[2022-07-04 14:07:41.060 +03:00  INF]  Request starting HTTP/2 GET https://localhost:7266/swagger/swagger-ui.css - -
[2022-07-04 14:07:41.060 +03:00  INF]  Request starting HTTP/2 GET https://localhost:7266/_vs/browserLink - -
[2022-07-04 14:07:41.061 +03:00  INF]  Request starting HTTP/2 GET https://localhost:7266/_framework/aspnetcore-browser-refresh.js - -
[2022-07-04 14:07:41.130 +03:00  INF]  Request finished HTTP/2 GET https://localhost:7266/swagger/index.html - - - 200 - text/html;charset=utf-8 611.7264ms
[2022-07-04 14:07:41.134 +03:00  INF]  Request finished HTTP/2 GET https://localhost:7266/_framework/aspnetcore-browser-refresh.js - - - 200 11956 application/javascript;+charset=utf-8 73.3515ms
[2022-07-04 14:07:41.178 +03:00  INF]  Sending file. Request path: '/swagger-ui-standalone-preset.js'. Physical path: 'N/A'
[2022-07-04 14:07:41.178 +03:00  INF]  Sending file. Request path: '/swagger-ui.css'. Physical path: 'N/A'
[2022-07-04 14:07:41.178 +03:00  INF]  Request finished HTTP/2 GET https://localhost:7266/swagger/swagger-ui-standalone-preset.js - - - 200 337162 application/javascript 118.4783ms
[2022-07-04 14:07:41.178 +03:00  INF]  Request finished HTTP/2 GET https://localhost:7266/swagger/swagger-ui.css - - - 200 143632 text/css 118.3628ms
[2022-07-04 14:07:41.225 +03:00  INF]  Request finished HTTP/2 GET https://localhost:7266/_vs/browserLink - - - 200 - text/javascript;+charset=UTF-8 164.4883ms
[2022-07-04 14:07:41.247 +03:00  INF]  Sending file. Request path: '/swagger-ui-bundle.js'. Physical path: 'N/A'
[2022-07-04 14:07:41.247 +03:00  INF]  Request finished HTTP/2 GET https://localhost:7266/swagger/swagger-ui-bundle.js - - - 200 1092889 application/javascript 187.6256ms
[2022-07-04 14:07:41.763 +03:00  INF]  Request starting HTTP/2 GET https://localhost:7266/swagger/v1/swagger.json - -
[2022-07-04 14:07:42.122 +03:00  INF]  Request finished HTTP/2 GET https://localhost:7266/swagger/v1/swagger.json - - - 200 - application/json;charset=utf-8 358.9017ms
[2022-07-04 14:08:10.693 +03:00  INF]  Request starting HTTP/2 GET https://localhost:7266/swagger/index.html - -
[2022-07-04 14:08:10.695 +03:00  INF]  Request finished HTTP/2 GET https://localhost:7266/swagger/index.html - - - 200 - text/html;charset=utf-8 35.8375ms
[2022-07-04 14:09:54.618 +03:00  INF]  Request starting HTTP/2 GET https://localhost:7266/swagger/v1/swagger.json - -
[2022-07-04 14:09:54.625 +03:00  INF]  Request finished HTTP/2 GET https://localhost:7266/swagger/v1/swagger.json - - - 200 - application/json;charset=utf-8 6.5219ms
[2022-07-04 14:18:02.948 +03:00  INF]  Request starting HTTP/1.1 POST https://localhost:7266/api/User/Create application/json 169
[2022-07-04 14:18:02.958 +03:00  INF]  Executing endpoint 'Controllers.UserController.Create (HRM.WebApi)'
[2022-07-04 14:18:03.019 +03:00  INF]  Route matched with {action = "Create", controller = "User"}. Executing controller action with signature System.Threading.Tasks.Task`1[Microsoft.AspNetCore.Mvc.IActionResult] Create(HRM.Models.UserDto) on controller Controllers.UserController (HRM.WebApi).
[2022-07-04 14:18:04.105 +03:00  INF]  Executing BadRequestObjectResult, writing value of type 'Microsoft.AspNetCore.Mvc.ValidationProblemDetails'.
[2022-07-04 14:18:04.126 +03:00  INF]  Executed action Controllers.UserController.Create (HRM.WebApi) in 1096.7254ms
[2022-07-04 14:18:04.128 +03:00  INF]  Executed endpoint 'Controllers.UserController.Create (HRM.WebApi)'
[2022-07-04 14:18:04.131 +03:00  INF]  Request finished HTTP/1.1 POST https://localhost:7266/api/User/Create application/json 169 - 400 - application/problem+json;+charset=utf-8 1182.8483ms
[2022-07-04 15:23:58.973 +03:00  INF]  User profile is available. Using 'C:\Users\kshah\AppData\Local\ASP.NET\DataProtection-Keys' as key repository and Windows DPAPI to encrypt keys at rest.
[2022-07-04 15:23:59.594 +03:00  INF]  Now listening on: https://localhost:7266
[2022-07-04 15:23:59.594 +03:00  INF]  Now listening on: http://localhost:5266
[2022-07-04 15:23:59.599 +03:00  INF]  Application started. Press Ctrl+C to shut down.
[2022-07-04 15:23:59.599 +03:00  INF]  Hosting environment: Development
[2022-07-04 15:23:59.599 +03:00  INF]  Content root path: C:\Users\kshah\OneDrive\Documents\GitHub\HRM\HRM.WebApi\
[2022-07-04 15:24:01.663 +03:00  INF]  Request starting HTTP/2 GET https://localhost:7266/swagger/index.html - -
[2022-07-04 15:24:02.816 +03:00  INF]  Request starting HTTP/2 GET https://localhost:7266/_framework/aspnetcore-browser-refresh.js - -
[2022-07-04 15:24:02.859 +03:00  INF]  Request starting HTTP/2 GET https://localhost:7266/_vs/browserLink - -
[2022-07-04 15:24:02.864 +03:00  INF]  Request finished HTTP/2 GET https://localhost:7266/_framework/aspnetcore-browser-refresh.js - - - 200 11956 application/javascript;+charset=utf-8 47.7532ms
[2022-07-04 15:24:02.864 +03:00  INF]  Request finished HTTP/2 GET https://localhost:7266/swagger/index.html - - - 200 - text/html;charset=utf-8 1211.6719ms
[2022-07-04 15:24:02.920 +03:00  INF]  Request finished HTTP/2 GET https://localhost:7266/_vs/browserLink - - - 200 - text/javascript;+charset=UTF-8 60.0594ms
[2022-07-04 15:24:03.499 +03:00  INF]  Request starting HTTP/2 GET https://localhost:7266/swagger/v1/swagger.json - -
[2022-07-04 15:24:04.290 +03:00  INF]  Request finished HTTP/2 GET https://localhost:7266/swagger/v1/swagger.json - - - 200 - application/json;charset=utf-8 790.5231ms
[2022-07-04 15:27:25.600 +03:00  INF]  Request starting HTTP/1.1 POST https://localhost:7266/api/User/Create application/json 169
[2022-07-04 15:27:25.614 +03:00  INF]  Executing endpoint 'Controllers.UserController.Create (HRM.WebApi)'
[2022-07-04 15:27:25.684 +03:00  INF]  Route matched with {action = "Create", controller = "User"}. Executing controller action with signature System.Threading.Tasks.Task`1[Microsoft.AspNetCore.Mvc.IActionResult] Create(HRM.Models.UserDto) on controller Controllers.UserController (HRM.WebApi).
[2022-07-04 15:27:26.436 +03:00  INF]  Executing BadRequestObjectResult, writing value of type 'Microsoft.AspNetCore.Mvc.ValidationProblemDetails'.
[2022-07-04 15:27:26.459 +03:00  INF]  Executed action Controllers.UserController.Create (HRM.WebApi) in 764.2335ms
[2022-07-04 15:27:26.461 +03:00  INF]  Executed endpoint 'Controllers.UserController.Create (HRM.WebApi)'
[2022-07-04 15:27:26.464 +03:00  INF]  Request finished HTTP/1.1 POST https://localhost:7266/api/User/Create application/json 169 - 400 - application/problem+json;+charset=utf-8 864.0833ms
[2022-07-04 15:29:25.481 +03:00  INF]  Request starting HTTP/2 POST https://localhost:7266/api/User/Create application/json 249
[2022-07-04 15:29:25.486 +03:00  INF]  Executing endpoint 'Controllers.UserController.Create (HRM.WebApi)'
[2022-07-04 15:29:25.486 +03:00  INF]  Route matched with {action = "Create", controller = "User"}. Executing controller action with signature System.Threading.Tasks.Task`1[Microsoft.AspNetCore.Mvc.IActionResult] Create(HRM.Models.UserDto) on controller Controllers.UserController (HRM.WebApi).
[2022-07-04 15:29:25.503 +03:00  INF]  Executing BadRequestObjectResult, writing value of type 'Microsoft.AspNetCore.Mvc.ValidationProblemDetails'.
[2022-07-04 15:29:25.503 +03:00  INF]  Executed action Controllers.UserController.Create (HRM.WebApi) in 17.0662ms
[2022-07-04 15:29:25.503 +03:00  INF]  Executed endpoint 'Controllers.UserController.Create (HRM.WebApi)'
[2022-07-04 15:29:25.504 +03:00  INF]  Request finished HTTP/2 POST https://localhost:7266/api/User/Create application/json 249 - 400 - application/problem+json;+charset=utf-8 22.7718ms
[2022-07-04 15:42:33.231 +03:00  INF]  User profile is available. Using 'C:\Users\kshah\AppData\Local\ASP.NET\DataProtection-Keys' as key repository and Windows DPAPI to encrypt keys at rest.
[2022-07-04 15:42:36.888 +03:00  INF]  Now listening on: https://localhost:7266
[2022-07-04 15:42:36.889 +03:00  INF]  Now listening on: http://localhost:5266
[2022-07-04 15:42:36.894 +03:00  INF]  Application started. Press Ctrl+C to shut down.
[2022-07-04 15:42:36.894 +03:00  INF]  Hosting environment: Development
[2022-07-04 15:42:36.894 +03:00  INF]  Content root path: C:\Users\kshah\OneDrive\Documents\GitHub\HRM\HRM.WebApi\
[2022-07-04 15:42:38.949 +03:00  INF]  Request starting HTTP/2 GET https://localhost:7266/swagger/index.html - -
[2022-07-04 15:42:40.902 +03:00  INF]  Request finished HTTP/2 GET https://localhost:7266/swagger/index.html - - - 200 - text/html;charset=utf-8 1963.7766ms
[2022-07-04 15:42:41.231 +03:00  INF]  Request starting HTTP/2 GET https://localhost:7266/_framework/aspnetcore-browser-refresh.js - -
[2022-07-04 15:42:41.396 +03:00  INF]  Request starting HTTP/2 GET https://localhost:7266/_vs/browserLink - -
[2022-07-04 15:42:41.400 +03:00  INF]  Request finished HTTP/2 GET https://localhost:7266/_framework/aspnetcore-browser-refresh.js - - - 200 11956 application/javascript;+charset=utf-8 168.8939ms
[2022-07-04 15:42:41.521 +03:00  INF]  Request finished HTTP/2 GET https://localhost:7266/_vs/browserLink - - - 200 - text/javascript;+charset=UTF-8 125.1776ms
[2022-07-04 15:42:41.854 +03:00  INF]  Request starting HTTP/2 GET https://localhost:7266/swagger/v1/swagger.json - -
[2022-07-04 15:42:42.462 +03:00  INF]  Request finished HTTP/2 GET https://localhost:7266/swagger/v1/swagger.json - - - 200 - application/json;charset=utf-8 605.9500ms
